[2020-07-02T20:00:09.119Z] - [info] - [REQUEST POST ON /user DONE SUCESSFULY ]
[2020-07-02T20:00:09.122Z] - [info] - [REQUEST POST ON /user DONE SUCESSFULY ]
[2020-07-02T20:00:09.147Z] - [error] - [ON POST/user - MESSAGE : User validation failed: email: Error, expected `email` to be unique. Value: `junior.miksza8@gmail.com` ]
[2020-07-02T20:00:09.156Z] - [info] - [REQUEST GET ON /session DONE SUCESSFULY ]
[2020-07-02T20:00:09.148Z] - [info] - [REQUEST POST ON /user DONE SUCESSFULY ]
[2020-07-02T20:00:09.176Z] - [info] - [REQUEST GET ON /session DONE SUCESSFULY ]
[2020-07-02T20:00:09.180Z] - [info] - [REQUEST POST ON /category DONE SUCESSFULY ]
[2020-07-02T20:00:09.188Z] - [info] - [REQUEST GET ON /session DONE SUCESSFULY ]
[2020-07-02T20:00:09.200Z] - [info] - [REQUEST GET ON /category DONE SUCESSFULY ]
[2020-07-02T20:00:09.206Z] - [info] - [REQUEST GET ON /me DONE SUCESSFULY ]
[2020-07-02T20:00:09.224Z] - [info] - [REQUEST PUT ON /category/a1af8230-bc9e-11ea-bfd6-55a3b4677f69 DONE SUCESSFULY ]
[2020-07-02T20:00:09.239Z] - [info] - [REQUEST GET ON /category DONE SUCESSFULY ]
[2020-07-02T20:00:09.249Z] - [info] - [REQUEST DELETE ON /category/a1af8230-bc9e-11ea-bfd6-55a3b4677f69 DONE SUCESSFULY ]
[2020-07-02T20:00:09.262Z] - [info] - [REQUEST GET ON /category DONE SUCESSFULY ]
[2020-07-02T20:00:09.206Z] - [info] - [REQUEST GET ON /me DONE SUCESSFULY ]
[2020-07-02T21:21:48.844Z] - [info] - [REQUEST POST ON /user DONE SUCESSFULY ]
[2020-07-02T21:21:56.327Z] - [info] - [REQUEST GET ON /session DONE SUCESSFULY ]
[2020-07-02T22:01:36.763Z] - [info] - [REQUEST POST ON /user DONE SUCESSFULY ]
[2020-07-02T22:01:36.772Z] - [info] - [REQUEST POST ON /user DONE SUCESSFULY ]
[2020-07-02T22:01:36.797Z] - [info] - [REQUEST GET ON /session DONE SUCESSFULY ]
[2020-07-02T22:01:36.807Z] - [error] - [ON POST/user - MESSAGE : User validation failed: email: Error, expected `email` to be unique. Value: `junior.miksza8@gmail.com` ]
[2020-07-02T22:01:36.807Z] - [info] - [REQUEST POST ON /user DONE SUCESSFULY ]
[2020-07-02T22:01:36.822Z] - [info] - [REQUEST POST ON /category DONE SUCESSFULY ]
[2020-07-02T22:01:36.832Z] - [info] - [REQUEST GET ON /session DONE SUCESSFULY ]
[2020-07-02T22:01:36.841Z] - [info] - [REQUEST GET ON /session DONE SUCESSFULY ]
[2020-07-02T22:01:36.850Z] - [info] - [REQUEST GET ON /category DONE SUCESSFULY ]
[2020-07-02T22:01:36.857Z] - [info] - [REQUEST GET ON /me DONE SUCESSFULY ]
[2020-07-02T22:01:36.858Z] - [info] - [REQUEST GET ON /me DONE SUCESSFULY ]
[2020-07-02T22:01:36.879Z] - [info] - [REQUEST PUT ON /category/99751fb0-bcaf-11ea-95ad-c9b3f02f262c DONE SUCESSFULY ]
[2020-07-02T22:01:36.894Z] - [info] - [REQUEST GET ON /category DONE SUCESSFULY ]
[2020-07-02T22:01:36.905Z] - [info] - [REQUEST DELETE ON /category/99751fb0-bcaf-11ea-95ad-c9b3f02f262c DONE SUCESSFULY ]
[2020-07-02T22:01:36.918Z] - [info] - [REQUEST GET ON /category DONE SUCESSFULY ]
[2020-07-02T22:02:26.573Z] - [info] - [REQUEST POST ON /user DONE SUCESSFULY ]
[2020-07-02T22:02:26.596Z] - [info] - [REQUEST POST ON /user DONE SUCESSFULY ]
[2020-07-02T22:02:26.602Z] - [error] - [ON POST/user - MESSAGE : User validation failed: email: Error, expected `email` to be unique. Value: `junior.miksza8@gmail.com` ]
[2020-07-02T22:02:26.602Z] - [info] - [REQUEST POST ON /user DONE SUCESSFULY ]
[2020-07-02T22:02:26.627Z] - [info] - [REQUEST GET ON /session DONE SUCESSFULY ]
[2020-07-02T22:02:26.636Z] - [info] - [REQUEST GET ON /session DONE SUCESSFULY ]
[2020-07-02T22:02:26.635Z] - [info] - [REQUEST GET ON /session DONE SUCESSFULY ]
[2020-07-02T22:02:26.654Z] - [info] - [REQUEST GET ON /me DONE SUCESSFULY ]
[2020-07-02T22:02:26.666Z] - [info] - [REQUEST POST ON /category DONE SUCESSFULY ]
[2020-07-02T22:02:26.684Z] - [info] - [REQUEST GET ON /category DONE SUCESSFULY ]
[2020-07-02T22:02:26.704Z] - [info] - [REQUEST PUT ON /category/b72a41c0-bcaf-11ea-aaca-adc3ed2a06bb DONE SUCESSFULY ]
[2020-07-02T22:02:26.719Z] - [info] - [REQUEST GET ON /category DONE SUCESSFULY ]
[2020-07-02T22:02:26.730Z] - [info] - [REQUEST DELETE ON /category/b72a41c0-bcaf-11ea-aaca-adc3ed2a06bb DONE SUCESSFULY ]
[2020-07-02T22:02:26.743Z] - [info] - [REQUEST GET ON /category DONE SUCESSFULY ]
[2020-07-02T22:02:26.654Z] - [info] - [REQUEST GET ON /me DONE SUCESSFULY ]
